[debug] [2025-12-11T00:10:31.504Z] ----------------------------------------------------------------------
[debug] [2025-12-11T00:10:31.509Z] Command:       /Users/colinchester/.nvm/versions/node/v20.19.5/bin/node /Users/colinchester/.nvm/versions/node/v20.19.5/bin/firebase deploy --only functions,hosting
[debug] [2025-12-11T00:10:31.509Z] CLI Version:   15.0.0
[debug] [2025-12-11T00:10:31.509Z] Platform:      darwin
[debug] [2025-12-11T00:10:31.509Z] Node Version:  v20.19.5
[debug] [2025-12-11T00:10:31.510Z] Time:          Wed Dec 10 2025 19:10:31 GMT-0500 (Eastern Standard Time)
[debug] [2025-12-11T00:10:31.510Z] ----------------------------------------------------------------------
[debug] 
[debug] [2025-12-11T00:10:32.236Z] > command requires scopes: ["email","openid","https://www.googleapis.com/auth/cloudplatformprojects.readonly","https://www.googleapis.com/auth/firebase","https://www.googleapis.com/auth/cloud-platform"]
[debug] [2025-12-11T00:10:32.236Z] > authorizing via signed-in user (colinchester05@gmail.com)
[debug] [2025-12-11T00:10:32.236Z] [iam] checking project soft-engin-project for permissions ["cloudfunctions.functions.create","cloudfunctions.functions.delete","cloudfunctions.functions.get","cloudfunctions.functions.list","cloudfunctions.functions.update","cloudfunctions.operations.get","firebase.projects.get","firebasehosting.sites.update"]
[debug] [2025-12-11T00:10:32.236Z] Checked if tokens are valid: true, expires at: 1765413958828
[debug] [2025-12-11T00:10:32.236Z] Checked if tokens are valid: true, expires at: 1765413958828
[debug] [2025-12-11T00:10:32.237Z] >>> [apiv2][query] POST https://cloudresourcemanager.googleapis.com/v1/projects/soft-engin-project:testIamPermissions [none]
[debug] [2025-12-11T00:10:32.237Z] >>> [apiv2][(partial)header] POST https://cloudresourcemanager.googleapis.com/v1/projects/soft-engin-project:testIamPermissions x-goog-quota-user=projects/soft-engin-project
[debug] [2025-12-11T00:10:32.237Z] >>> [apiv2][body] POST https://cloudresourcemanager.googleapis.com/v1/projects/soft-engin-project:testIamPermissions {"permissions":["cloudfunctions.functions.create","cloudfunctions.functions.delete","cloudfunctions.functions.get","cloudfunctions.functions.list","cloudfunctions.functions.update","cloudfunctions.operations.get","firebase.projects.get","firebasehosting.sites.update"]}
[debug] [2025-12-11T00:10:32.450Z] <<< [apiv2][status] POST https://cloudresourcemanager.googleapis.com/v1/projects/soft-engin-project:testIamPermissions 200
[debug] [2025-12-11T00:10:32.450Z] <<< [apiv2][body] POST https://cloudresourcemanager.googleapis.com/v1/projects/soft-engin-project:testIamPermissions {"permissions":["cloudfunctions.functions.create","cloudfunctions.functions.delete","cloudfunctions.functions.get","cloudfunctions.functions.list","cloudfunctions.functions.update","cloudfunctions.operations.get","firebase.projects.get","firebasehosting.sites.update"]}
[debug] [2025-12-11T00:10:32.451Z] Checked if tokens are valid: true, expires at: 1765413958828
[debug] [2025-12-11T00:10:32.451Z] Checked if tokens are valid: true, expires at: 1765413958828
[debug] [2025-12-11T00:10:32.451Z] >>> [apiv2][query] POST https://iam.googleapis.com/v1/projects/soft-engin-project/serviceAccounts/soft-engin-project@appspot.gserviceaccount.com:testIamPermissions [none]
[debug] [2025-12-11T00:10:32.451Z] >>> [apiv2][body] POST https://iam.googleapis.com/v1/projects/soft-engin-project/serviceAccounts/soft-engin-project@appspot.gserviceaccount.com:testIamPermissions {"permissions":["iam.serviceAccounts.actAs"]}
[debug] [2025-12-11T00:10:32.557Z] <<< [apiv2][status] POST https://iam.googleapis.com/v1/projects/soft-engin-project/serviceAccounts/soft-engin-project@appspot.gserviceaccount.com:testIamPermissions 200
[debug] [2025-12-11T00:10:32.558Z] <<< [apiv2][body] POST https://iam.googleapis.com/v1/projects/soft-engin-project/serviceAccounts/soft-engin-project@appspot.gserviceaccount.com:testIamPermissions {"permissions":["iam.serviceAccounts.actAs"]}
[debug] [2025-12-11T00:10:32.559Z] Checked if tokens are valid: true, expires at: 1765413958828
[debug] [2025-12-11T00:10:32.559Z] Checked if tokens are valid: true, expires at: 1765413958828
[debug] [2025-12-11T00:10:32.560Z] >>> [apiv2][query] GET https://firebase.googleapis.com/v1beta1/projects/soft-engin-project [none]
[debug] [2025-12-11T00:10:32.859Z] <<< [apiv2][status] GET https://firebase.googleapis.com/v1beta1/projects/soft-engin-project 200
[debug] [2025-12-11T00:10:32.860Z] <<< [apiv2][body] GET https://firebase.googleapis.com/v1beta1/projects/soft-engin-project {"projectId":"soft-engin-project","projectNumber":"188490905724","displayName":"Soft-Engin-Project","name":"projects/soft-engin-project","resources":{"hostingSite":"soft-engin-project"},"state":"ACTIVE","etag":"1_6bd70327-b928-4ff7-9ffc-7a594d9deb43"}
[info] 
[info] === Deploying to 'soft-engin-project'...
[info] 
[info] i  deploying functions, hosting 
[debug] [2025-12-11T00:10:32.866Z] Checked if tokens are valid: true, expires at: 1765413958828
[debug] [2025-12-11T00:10:32.866Z] Checked if tokens are valid: true, expires at: 1765413958828
[debug] [2025-12-11T00:10:32.866Z] >>> [apiv2][query] GET https://cloudresourcemanager.googleapis.com/v1/projects/soft-engin-project [none]
[debug] [2025-12-11T00:10:32.958Z] <<< [apiv2][status] GET https://cloudresourcemanager.googleapis.com/v1/projects/soft-engin-project 200
[debug] [2025-12-11T00:10:32.958Z] <<< [apiv2][body] GET https://cloudresourcemanager.googleapis.com/v1/projects/soft-engin-project {"projectNumber":"188490905724","projectId":"soft-engin-project","lifecycleState":"ACTIVE","name":"Soft-Engin-Project","labels":{"firebase":"enabled","firebase-core":"disabled"},"createTime":"2025-12-07T23:54:11.328306Z"}
[info] i  functions: preparing codebase default for deployment 
[info] i  functions: ensuring required API cloudfunctions.googleapis.com is enabled... 
[info] i  functions: ensuring required API cloudbuild.googleapis.com is enabled... 
[info] i  artifactregistry: ensuring required API artifactregistry.googleapis.com is enabled... 
[debug] [2025-12-11T00:10:32.962Z] Checked if tokens are valid: true, expires at: 1765413958828
[debug] [2025-12-11T00:10:32.962Z] Checked if tokens are valid: true, expires at: 1765413958828
[debug] [2025-12-11T00:10:32.962Z] >>> [apiv2][query] GET https://firebase.googleapis.com/v1beta1/projects/soft-engin-project/adminSdkConfig [none]
[debug] [2025-12-11T00:10:33.157Z] <<< [apiv2][status] GET https://firebase.googleapis.com/v1beta1/projects/soft-engin-project/adminSdkConfig 200
[debug] [2025-12-11T00:10:33.157Z] <<< [apiv2][body] GET https://firebase.googleapis.com/v1beta1/projects/soft-engin-project/adminSdkConfig {"projectId":"soft-engin-project","storageBucket":"soft-engin-project.firebasestorage.app"}
[debug] [2025-12-11T00:10:33.158Z] Checked if tokens are valid: true, expires at: 1765413958828
[debug] [2025-12-11T00:10:33.158Z] Checked if tokens are valid: true, expires at: 1765413958828
[debug] [2025-12-11T00:10:33.158Z] >>> [apiv2][query] GET https://runtimeconfig.googleapis.com/v1beta1/projects/soft-engin-project/configs [none]
[debug] [2025-12-11T00:10:33.322Z] <<< [apiv2][status] GET https://runtimeconfig.googleapis.com/v1beta1/projects/soft-engin-project/configs 200
[debug] [2025-12-11T00:10:33.323Z] <<< [apiv2][body] GET https://runtimeconfig.googleapis.com/v1beta1/projects/soft-engin-project/configs {}
[debug] [2025-12-11T00:10:33.327Z] Validating nodejs source
[warn] ⚠  functions: package.json indicates an outdated version of firebase-functions. Please upgrade using npm install --save firebase-functions@latest in your functions directory. 
[warn] ⚠  functions: Please note that there will be breaking changes when you upgrade. 
[debug] [2025-12-11T00:10:33.804Z] > [functions] package.json contents: {
  "name": "storygame-backend",
  "version": "1.0.0",
  "type": "module",
  "description": "",
  "main": "src/server.js",
  "scripts": {
    "test": "vitest run",
    "start": "node src/server.js",
    "dev": "nodemon src/server.js",
    "start-game": "curl -X POST http://localhost:3001/api/game/create"
  },
  "engines": {
    "node": "20"
  },
  "keywords": [],
  "author": "",
  "license": "ISC",
  "dependencies": {
    "cors": "^2.8.5",
    "express": "^5.1.0",
    "firebase-admin": "^12.0.0",
    "firebase-functions": "^5.1.1"
  },
  "devDependencies": {
    "nodemon": "^3.1.11",
    "vitest": "^4.0.15"
  }
}
[debug] [2025-12-11T00:10:33.805Z] Building nodejs source
[info] i  functions: Loading and analyzing source code for codebase default to determine what to deploy 
[debug] [2025-12-11T00:10:33.805Z] Could not find functions.yaml. Must use http discovery
[debug] [2025-12-11T00:10:33.809Z] Found firebase-functions binary at '/Users/colinchester/Documents/GitHub/Semester-Project-/backend/node_modules/.bin/firebase-functions'
[info] Serving at port 8137

[debug] [2025-12-11T00:10:34.332Z] Got response from /__/functions.yaml {"endpoints":{"api":{"platform":"gcfv1","availableMemoryMb":null,"timeoutSeconds":null,"minInstances":null,"maxInstances":null,"ingressSettings":null,"serviceAccountEmail":null,"vpc":null,"httpsTrigger":{},"entryPoint":"api"}},"specVersion":"v1alpha1","requiredAPIs":[],"extensions":{}}
[info] i  extensions: ensuring required API firebaseextensions.googleapis.com is enabled... 
[debug] [2025-12-11T00:10:38.354Z] Checked if tokens are valid: true, expires at: 1765413958828
[debug] [2025-12-11T00:10:38.355Z] Checked if tokens are valid: true, expires at: 1765413958828
[debug] [2025-12-11T00:10:38.355Z] >>> [apiv2][query] GET https://serviceusage.googleapis.com/v1/projects/soft-engin-project/services/firebaseextensions.googleapis.com [none]
[debug] [2025-12-11T00:10:38.355Z] >>> [apiv2][(partial)header] GET https://serviceusage.googleapis.com/v1/projects/soft-engin-project/services/firebaseextensions.googleapis.com x-goog-quota-user=projects/soft-engin-project
[debug] [2025-12-11T00:10:38.661Z] <<< [apiv2][status] GET https://serviceusage.googleapis.com/v1/projects/soft-engin-project/services/firebaseextensions.googleapis.com 200
[debug] [2025-12-11T00:10:38.661Z] <<< [apiv2][body] GET https://serviceusage.googleapis.com/v1/projects/soft-engin-project/services/firebaseextensions.googleapis.com [omitted]
[warn] ⚠  extensions: missing required API firebaseextensions.googleapis.com. Enabling now... 
[debug] [2025-12-11T00:10:38.662Z] Checked if tokens are valid: true, expires at: 1765413958828
[debug] [2025-12-11T00:10:38.662Z] Checked if tokens are valid: true, expires at: 1765413958828
[debug] [2025-12-11T00:10:38.662Z] >>> [apiv2][query] POST https://serviceusage.googleapis.com/v1/projects/soft-engin-project/services/firebaseextensions.googleapis.com:enable [none]
[debug] [2025-12-11T00:10:38.662Z] >>> [apiv2][(partial)header] POST https://serviceusage.googleapis.com/v1/projects/soft-engin-project/services/firebaseextensions.googleapis.com:enable x-goog-quota-user=projects/soft-engin-project
[debug] [2025-12-11T00:10:39.153Z] <<< [apiv2][status] POST https://serviceusage.googleapis.com/v1/projects/soft-engin-project/services/firebaseextensions.googleapis.com:enable 200
[debug] [2025-12-11T00:10:39.153Z] <<< [apiv2][body] POST https://serviceusage.googleapis.com/v1/projects/soft-engin-project/services/firebaseextensions.googleapis.com:enable [omitted]
[debug] [2025-12-11T00:10:49.169Z] > command requires scopes: ["email","openid","https://www.googleapis.com/auth/cloudplatformprojects.readonly","https://www.googleapis.com/auth/firebase","https://www.googleapis.com/auth/cloud-platform"]
[debug] [2025-12-11T00:10:49.170Z] > authorizing via signed-in user (colinchester05@gmail.com)
[debug] [2025-12-11T00:10:49.170Z] [iam] checking project soft-engin-project for permissions ["firebase.projects.get","firebaseextensions.instances.list"]
[debug] [2025-12-11T00:10:49.170Z] Checked if tokens are valid: true, expires at: 1765413958828
[debug] [2025-12-11T00:10:49.170Z] Checked if tokens are valid: true, expires at: 1765413958828
[debug] [2025-12-11T00:10:49.170Z] >>> [apiv2][query] POST https://cloudresourcemanager.googleapis.com/v1/projects/soft-engin-project:testIamPermissions [none]
[debug] [2025-12-11T00:10:49.170Z] >>> [apiv2][(partial)header] POST https://cloudresourcemanager.googleapis.com/v1/projects/soft-engin-project:testIamPermissions x-goog-quota-user=projects/soft-engin-project
[debug] [2025-12-11T00:10:49.170Z] >>> [apiv2][body] POST https://cloudresourcemanager.googleapis.com/v1/projects/soft-engin-project:testIamPermissions {"permissions":["firebase.projects.get","firebaseextensions.instances.list"]}
[debug] [2025-12-11T00:10:49.275Z] <<< [apiv2][status] POST https://cloudresourcemanager.googleapis.com/v1/projects/soft-engin-project:testIamPermissions 200
[debug] [2025-12-11T00:10:49.275Z] <<< [apiv2][body] POST https://cloudresourcemanager.googleapis.com/v1/projects/soft-engin-project:testIamPermissions {"permissions":["firebase.projects.get","firebaseextensions.instances.list"]}
[debug] [2025-12-11T00:10:49.276Z] Checked if tokens are valid: true, expires at: 1765413958828
[debug] [2025-12-11T00:10:49.276Z] Checked if tokens are valid: true, expires at: 1765413958828
[debug] [2025-12-11T00:10:49.278Z] >>> [apiv2][query] GET https://firebaseextensions.googleapis.com/v1beta/projects/soft-engin-project/instances pageSize=100&pageToken=
[debug] [2025-12-11T00:10:50.577Z] <<< [apiv2][status] GET https://firebaseextensions.googleapis.com/v1beta/projects/soft-engin-project/instances 200
[debug] [2025-12-11T00:10:50.577Z] <<< [apiv2][body] GET https://firebaseextensions.googleapis.com/v1beta/projects/soft-engin-project/instances {}
[info] i  functions: preparing backend directory for uploading... 
[info] i  functions: packaged /Users/colinchester/Documents/GitHub/Semester-Project-/backend (113.15 KB) for uploading 
[debug] [2025-12-11T00:10:50.624Z] Checked if tokens are valid: true, expires at: 1765413958828
[debug] [2025-12-11T00:10:50.624Z] Checked if tokens are valid: true, expires at: 1765413958828
[debug] [2025-12-11T00:10:50.625Z] >>> [apiv2][query] GET https://cloudfunctions.googleapis.com/v1/projects/soft-engin-project/locations/-/functions [none]
[debug] [2025-12-11T00:10:51.206Z] <<< [apiv2][status] GET https://cloudfunctions.googleapis.com/v1/projects/soft-engin-project/locations/-/functions 200
[debug] [2025-12-11T00:10:51.206Z] <<< [apiv2][body] GET https://cloudfunctions.googleapis.com/v1/projects/soft-engin-project/locations/-/functions {}
[debug] [2025-12-11T00:10:51.207Z] Checked if tokens are valid: true, expires at: 1765413958828
[debug] [2025-12-11T00:10:51.207Z] Checked if tokens are valid: true, expires at: 1765413958828
[debug] [2025-12-11T00:10:51.207Z] >>> [apiv2][query] GET https://cloudfunctions.googleapis.com/v2/projects/soft-engin-project/locations/-/functions filter=environment%3D%22GEN_2%22
[debug] [2025-12-11T00:10:51.722Z] <<< [apiv2][status] GET https://cloudfunctions.googleapis.com/v2/projects/soft-engin-project/locations/-/functions 200
[debug] [2025-12-11T00:10:51.722Z] <<< [apiv2][body] GET https://cloudfunctions.googleapis.com/v2/projects/soft-engin-project/locations/-/functions {}
[debug] [2025-12-11T00:10:51.724Z] Checked if tokens are valid: true, expires at: 1765413958828
[debug] [2025-12-11T00:10:51.724Z] Checked if tokens are valid: true, expires at: 1765413958828
[debug] [2025-12-11T00:10:51.724Z] >>> [apiv2][query] GET https://cloudresourcemanager.googleapis.com/v1/projects/soft-engin-project [none]
[debug] [2025-12-11T00:10:51.825Z] <<< [apiv2][status] GET https://cloudresourcemanager.googleapis.com/v1/projects/soft-engin-project 200
[debug] [2025-12-11T00:10:51.825Z] <<< [apiv2][body] GET https://cloudresourcemanager.googleapis.com/v1/projects/soft-engin-project {"projectNumber":"188490905724","projectId":"soft-engin-project","lifecycleState":"ACTIVE","name":"Soft-Engin-Project","labels":{"firebase":"enabled","firebase-core":"disabled"},"createTime":"2025-12-07T23:54:11.328306Z"}
[debug] [2025-12-11T00:10:51.828Z] Checked if tokens are valid: true, expires at: 1765413958828
[debug] [2025-12-11T00:10:51.828Z] Checked if tokens are valid: true, expires at: 1765413958828
[debug] [2025-12-11T00:10:51.828Z] >>> [apiv2][query] POST https://firebasehosting.googleapis.com/v1beta1/projects/-/sites/soft-engin-project/versions [none]
[debug] [2025-12-11T00:10:51.829Z] >>> [apiv2][body] POST https://firebasehosting.googleapis.com/v1beta1/projects/-/sites/soft-engin-project/versions {"status":"CREATED","labels":{"deployment-tool":"cli-firebase"}}
[debug] [2025-12-11T00:10:52.821Z] <<< [apiv2][status] POST https://firebasehosting.googleapis.com/v1beta1/projects/-/sites/soft-engin-project/versions 200
[debug] [2025-12-11T00:10:52.822Z] <<< [apiv2][body] POST https://firebasehosting.googleapis.com/v1beta1/projects/-/sites/soft-engin-project/versions {"name":"projects/188490905724/sites/soft-engin-project/versions/14b349d11e9dbe2f","status":"CREATED","config":{},"labels":{"deployment-tool":"cli-firebase"}}
[debug] [2025-12-11T00:10:52.823Z] Checked if tokens are valid: true, expires at: 1765413958828
[debug] [2025-12-11T00:10:52.824Z] Checked if tokens are valid: true, expires at: 1765413958828
[debug] [2025-12-11T00:10:52.824Z] >>> [apiv2][query] GET https://cloudbilling.googleapis.com/v1/projects/soft-engin-project/billingInfo [none]
[debug] [2025-12-11T00:10:53.040Z] <<< [apiv2][status] GET https://cloudbilling.googleapis.com/v1/projects/soft-engin-project/billingInfo 200
[debug] [2025-12-11T00:10:53.041Z] <<< [apiv2][body] GET https://cloudbilling.googleapis.com/v1/projects/soft-engin-project/billingInfo {"name":"projects/soft-engin-project/billingInfo","projectId":"soft-engin-project","billingAccountName":"billingAccounts/016192-0F6938-B71E24","billingEnabled":true}
[debug] [2025-12-11T00:10:53.042Z] [functions] found 1 new HTTP functions, testing setIamPolicy permission...
[debug] [2025-12-11T00:10:53.043Z] Checked if tokens are valid: true, expires at: 1765413958828
[debug] [2025-12-11T00:10:53.043Z] Checked if tokens are valid: true, expires at: 1765413958828
[debug] [2025-12-11T00:10:53.043Z] >>> [apiv2][query] POST https://cloudresourcemanager.googleapis.com/v1/projects/soft-engin-project:testIamPermissions [none]
[debug] [2025-12-11T00:10:53.043Z] >>> [apiv2][(partial)header] POST https://cloudresourcemanager.googleapis.com/v1/projects/soft-engin-project:testIamPermissions x-goog-quota-user=projects/soft-engin-project
[debug] [2025-12-11T00:10:53.043Z] >>> [apiv2][body] POST https://cloudresourcemanager.googleapis.com/v1/projects/soft-engin-project:testIamPermissions {"permissions":["cloudfunctions.functions.setIamPolicy"]}
[debug] [2025-12-11T00:10:53.124Z] <<< [apiv2][status] POST https://cloudresourcemanager.googleapis.com/v1/projects/soft-engin-project:testIamPermissions 200
[debug] [2025-12-11T00:10:53.124Z] <<< [apiv2][body] POST https://cloudresourcemanager.googleapis.com/v1/projects/soft-engin-project:testIamPermissions {"permissions":["cloudfunctions.functions.setIamPolicy"]}
[debug] [2025-12-11T00:10:53.124Z] [functions] found setIamPolicy permission, proceeding with deploy
[debug] [2025-12-11T00:10:53.125Z] Checked if tokens are valid: true, expires at: 1765413958828
[debug] [2025-12-11T00:10:53.125Z] Checked if tokens are valid: true, expires at: 1765413958828
[debug] [2025-12-11T00:10:53.125Z] >>> [apiv2][query] POST https://cloudfunctions.googleapis.com/v1/projects/soft-engin-project/locations/us-central1/functions:generateUploadUrl [none]
[debug] [2025-12-11T00:10:53.125Z] >>> [apiv2][body] POST https://cloudfunctions.googleapis.com/v1/projects/soft-engin-project/locations/us-central1/functions:generateUploadUrl {}
[debug] [2025-12-11T00:11:10.094Z] <<< [apiv2][status] POST https://cloudfunctions.googleapis.com/v1/projects/soft-engin-project/locations/us-central1/functions:generateUploadUrl 200
[debug] [2025-12-11T00:11:10.094Z] <<< [apiv2][body] POST https://cloudfunctions.googleapis.com/v1/projects/soft-engin-project/locations/us-central1/functions:generateUploadUrl {"uploadUrl":"https://storage.googleapis.com/uploads-172976336070.us-central1.cloudfunctions.appspot.com/2b6bfe71-9fa4-46c3-9c33-cc132fddbed9.zip?GoogleAccessId=service-188490905724@gcf-admin-robot.iam.gserviceaccount.com&Expires=1765413670&Signature=Xf0tK38et1FVV%2F%2F8iiraOx9CoCOKxvf%2FidOJqcH3fpvVXn9LFJRA2j1%2FwdtOHbv2lHBJ84ZcqiFCk6%2BDBVR72YbsFbuerozjdp7z4%2FvYoFYtmuLhbgEwuwnjIlkV1L5UAUx0pHHjf1Tfh2LL6KypIWmbIjXZ0ZcqZJml52gAtqgz7kXtJYZtPcuUsJItE0vEMpnGPN9Ynyf0hfLtEs6BkEynhR839mHO8udlaT1SZTMoI%2BrHJHtCKoes1FAscQdNFwCDWdgkUdgDvE1FOL7W48TFWu2raGBGWwWZn%2F4bfvf%2BdLJrpVyByaC48XV%2FZWs9dhHtgoCKSzBQQDVq5OIpvA%3D%3D"}
[debug] [2025-12-11T00:11:10.097Z] >>> [apiv2][query] PUT https://storage.googleapis.com/uploads-172976336070.us-central1.cloudfunctions.appspot.com/2b6bfe71-9fa4-46c3-9c33-cc132fddbed9.zip GoogleAccessId=service-188490905724%40gcf-admin-robot.iam.gserviceaccount.com&Expires=1765413670&Signature=Xf0tK38et1FVV%2F%2F8iiraOx9CoCOKxvf%2FidOJqcH3fpvVXn9LFJRA2j1%2FwdtOHbv2lHBJ84ZcqiFCk6%2BDBVR72YbsFbuerozjdp7z4%2FvYoFYtmuLhbgEwuwnjIlkV1L5UAUx0pHHjf1Tfh2LL6KypIWmbIjXZ0ZcqZJml52gAtqgz7kXtJYZtPcuUsJItE0vEMpnGPN9Ynyf0hfLtEs6BkEynhR839mHO8udlaT1SZTMoI%2BrHJHtCKoes1FAscQdNFwCDWdgkUdgDvE1FOL7W48TFWu2raGBGWwWZn%2F4bfvf%2BdLJrpVyByaC48XV%2FZWs9dhHtgoCKSzBQQDVq5OIpvA%3D%3D
[debug] [2025-12-11T00:11:10.097Z] >>> [apiv2][body] PUT https://storage.googleapis.com/uploads-172976336070.us-central1.cloudfunctions.appspot.com/2b6bfe71-9fa4-46c3-9c33-cc132fddbed9.zip [stream]
[debug] [2025-12-11T00:11:10.449Z] <<< [apiv2][status] PUT https://storage.googleapis.com/uploads-172976336070.us-central1.cloudfunctions.appspot.com/2b6bfe71-9fa4-46c3-9c33-cc132fddbed9.zip 200
[debug] [2025-12-11T00:11:10.449Z] <<< [apiv2][body] PUT https://storage.googleapis.com/uploads-172976336070.us-central1.cloudfunctions.appspot.com/2b6bfe71-9fa4-46c3-9c33-cc132fddbed9.zip [omitted]
[info] ✔  functions: backend source uploaded successfully 
[info] i  hosting[soft-engin-project]: beginning deploy... 
[info] i  hosting[soft-engin-project]: found 3 files in frontend/dist 
[debug] [2025-12-11T00:11:10.466Z] [hosting] uploading with 200 concurrency
[debug] [2025-12-11T00:11:10.466Z] [hosting] hash cache [ZnJvbnRlbmQvZGlzdA] not populated
[debug] [2025-12-11T00:11:10.496Z] Checked if tokens are valid: true, expires at: 1765413958828
[debug] [2025-12-11T00:11:10.496Z] Checked if tokens are valid: true, expires at: 1765413958828
[debug] [2025-12-11T00:11:10.497Z] [hosting] hash cache [ZnJvbnRlbmQvZGlzdA] stored for 3 files
[debug] [2025-12-11T00:11:10.497Z] [hosting][hash queue][FINAL] {"max":26,"min":2,"avg":10,"active":0,"complete":3,"success":3,"errored":0,"retried":0,"total":3,"elapsed":29}
[debug] [2025-12-11T00:11:10.497Z] >>> [apiv2][query] POST https://firebasehosting.googleapis.com/v1beta1/projects/188490905724/sites/soft-engin-project/versions/14b349d11e9dbe2f:populateFiles [none]
[debug] [2025-12-11T00:11:10.497Z] >>> [apiv2][body] POST https://firebasehosting.googleapis.com/v1beta1/projects/188490905724/sites/soft-engin-project/versions/14b349d11e9dbe2f:populateFiles {"files":{"/index.html":"8091d1e511956485a691ce46fdc60c242d8e97ae0c78be70f7153b8347532847","/assets/index-DiwmX0tF.css":"63a18836290d58a0100ba1d100a2d311e4b2f44c0ea2076b8129f3938baaee2d","/assets/index-DSZJDUuX.js":"806fb950169862b9c66ea74e4237712845ba14383468d2979fc894b8ff3c86af"}}
[debug] [2025-12-11T00:11:10.781Z] <<< [apiv2][status] POST https://firebasehosting.googleapis.com/v1beta1/projects/188490905724/sites/soft-engin-project/versions/14b349d11e9dbe2f:populateFiles 200
[debug] [2025-12-11T00:11:10.781Z] <<< [apiv2][body] POST https://firebasehosting.googleapis.com/v1beta1/projects/188490905724/sites/soft-engin-project/versions/14b349d11e9dbe2f:populateFiles {"uploadRequiredHashes":["63a18836290d58a0100ba1d100a2d311e4b2f44c0ea2076b8129f3938baaee2d","806fb950169862b9c66ea74e4237712845ba14383468d2979fc894b8ff3c86af","8091d1e511956485a691ce46fdc60c242d8e97ae0c78be70f7153b8347532847"],"uploadUrl":"https://upload-firebasehosting.googleapis.com/upload/sites/soft-engin-project/versions/14b349d11e9dbe2f/files"}
[debug] [2025-12-11T00:11:10.782Z] Checked if tokens are valid: true, expires at: 1765413958828
[debug] [2025-12-11T00:11:10.782Z] Checked if tokens are valid: true, expires at: 1765413958828
[debug] [2025-12-11T00:11:10.783Z] Checked if tokens are valid: true, expires at: 1765413958828
[debug] [2025-12-11T00:11:10.783Z] Checked if tokens are valid: true, expires at: 1765413958828
[debug] [2025-12-11T00:11:10.783Z] Checked if tokens are valid: true, expires at: 1765413958828
[debug] [2025-12-11T00:11:10.783Z] Checked if tokens are valid: true, expires at: 1765413958828
[debug] [2025-12-11T00:11:10.783Z] >>> [apiv2][query] POST https://upload-firebasehosting.googleapis.com/upload/sites/soft-engin-project/versions/14b349d11e9dbe2f/files/63a18836290d58a0100ba1d100a2d311e4b2f44c0ea2076b8129f3938baaee2d [none]
[debug] [2025-12-11T00:11:10.783Z] >>> [apiv2][body] POST https://upload-firebasehosting.googleapis.com/upload/sites/soft-engin-project/versions/14b349d11e9dbe2f/files/63a18836290d58a0100ba1d100a2d311e4b2f44c0ea2076b8129f3938baaee2d [stream]
[debug] [2025-12-11T00:11:10.786Z] >>> [apiv2][query] POST https://upload-firebasehosting.googleapis.com/upload/sites/soft-engin-project/versions/14b349d11e9dbe2f/files/806fb950169862b9c66ea74e4237712845ba14383468d2979fc894b8ff3c86af [none]
[debug] [2025-12-11T00:11:10.786Z] >>> [apiv2][body] POST https://upload-firebasehosting.googleapis.com/upload/sites/soft-engin-project/versions/14b349d11e9dbe2f/files/806fb950169862b9c66ea74e4237712845ba14383468d2979fc894b8ff3c86af [stream]
[debug] [2025-12-11T00:11:10.788Z] >>> [apiv2][query] POST https://upload-firebasehosting.googleapis.com/upload/sites/soft-engin-project/versions/14b349d11e9dbe2f/files/8091d1e511956485a691ce46fdc60c242d8e97ae0c78be70f7153b8347532847 [none]
[debug] [2025-12-11T00:11:10.788Z] >>> [apiv2][body] POST https://upload-firebasehosting.googleapis.com/upload/sites/soft-engin-project/versions/14b349d11e9dbe2f/files/8091d1e511956485a691ce46fdc60c242d8e97ae0c78be70f7153b8347532847 [stream]
[debug] [2025-12-11T00:11:10.789Z] [hosting][populate queue][FINAL] {"max":288,"min":288,"avg":288,"active":0,"complete":1,"success":1,"errored":0,"retried":0,"total":1,"elapsed":294}
[debug] [2025-12-11T00:11:10.789Z] [hosting] uploads queued: 3
[debug] [2025-12-11T00:11:11.597Z] <<< [apiv2][status] POST https://upload-firebasehosting.googleapis.com/upload/sites/soft-engin-project/versions/14b349d11e9dbe2f/files/63a18836290d58a0100ba1d100a2d311e4b2f44c0ea2076b8129f3938baaee2d 200
[debug] [2025-12-11T00:11:11.597Z] <<< [apiv2][body] POST https://upload-firebasehosting.googleapis.com/upload/sites/soft-engin-project/versions/14b349d11e9dbe2f/files/63a18836290d58a0100ba1d100a2d311e4b2f44c0ea2076b8129f3938baaee2d [stream]
[debug] [2025-12-11T00:11:11.672Z] <<< [apiv2][status] POST https://upload-firebasehosting.googleapis.com/upload/sites/soft-engin-project/versions/14b349d11e9dbe2f/files/806fb950169862b9c66ea74e4237712845ba14383468d2979fc894b8ff3c86af 200
[debug] [2025-12-11T00:11:11.672Z] <<< [apiv2][body] POST https://upload-firebasehosting.googleapis.com/upload/sites/soft-engin-project/versions/14b349d11e9dbe2f/files/806fb950169862b9c66ea74e4237712845ba14383468d2979fc894b8ff3c86af [stream]
[debug] [2025-12-11T00:11:11.761Z] <<< [apiv2][status] POST https://upload-firebasehosting.googleapis.com/upload/sites/soft-engin-project/versions/14b349d11e9dbe2f/files/8091d1e511956485a691ce46fdc60c242d8e97ae0c78be70f7153b8347532847 200
[debug] [2025-12-11T00:11:11.761Z] <<< [apiv2][body] POST https://upload-firebasehosting.googleapis.com/upload/sites/soft-engin-project/versions/14b349d11e9dbe2f/files/8091d1e511956485a691ce46fdc60c242d8e97ae0c78be70f7153b8347532847 [stream]
[debug] [2025-12-11T00:11:11.761Z] [hosting][upload queue][FINAL] {"max":978,"min":815,"avg":894.3333333333334,"active":0,"complete":3,"success":3,"errored":0,"retried":0,"total":3,"elapsed":979}
[info] ✔  hosting[soft-engin-project]: file upload complete 
[debug] [2025-12-11T00:11:11.761Z] [hosting] deploy completed after 1308ms
[info] i  functions: creating Node.js 20 (1st Gen) function api(us-central1)... 
[debug] [2025-12-11T00:11:11.763Z] Checked if tokens are valid: true, expires at: 1765413958828
[debug] [2025-12-11T00:11:11.763Z] Checked if tokens are valid: true, expires at: 1765413958828
[debug] [2025-12-11T00:11:11.764Z] >>> [apiv2][query] POST https://cloudfunctions.googleapis.com/v1/projects/soft-engin-project/locations/us-central1/functions [none]
[debug] [2025-12-11T00:11:11.764Z] >>> [apiv2][body] POST https://cloudfunctions.googleapis.com/v1/projects/soft-engin-project/locations/us-central1/functions {"name":"projects/soft-engin-project/locations/us-central1/functions/api","sourceUploadUrl":"https://storage.googleapis.com/uploads-172976336070.us-central1.cloudfunctions.appspot.com/2b6bfe71-9fa4-46c3-9c33-cc132fddbed9.zip?GoogleAccessId=service-188490905724@gcf-admin-robot.iam.gserviceaccount.com&Expires=1765413670&Signature=Xf0tK38et1FVV%2F%2F8iiraOx9CoCOKxvf%2FidOJqcH3fpvVXn9LFJRA2j1%2FwdtOHbv2lHBJ84ZcqiFCk6%2BDBVR72YbsFbuerozjdp7z4%2FvYoFYtmuLhbgEwuwnjIlkV1L5UAUx0pHHjf1Tfh2LL6KypIWmbIjXZ0ZcqZJml52gAtqgz7kXtJYZtPcuUsJItE0vEMpnGPN9Ynyf0hfLtEs6BkEynhR839mHO8udlaT1SZTMoI%2BrHJHtCKoes1FAscQdNFwCDWdgkUdgDvE1FOL7W48TFWu2raGBGWwWZn%2F4bfvf%2BdLJrpVyByaC48XV%2FZWs9dhHtgoCKSzBQQDVq5OIpvA%3D%3D","entryPoint":"api","runtime":"nodejs20","dockerRegistry":"ARTIFACT_REGISTRY","labels":{"deployment-tool":"cli-firebase","firebase-functions-hash":"2ac42bce7f083a240dfcdc122c280fc947fe9716"},"httpsTrigger":{"securityLevel":"SECURE_ALWAYS"},"minInstances":null,"maxInstances":null,"ingressSettings":null,"environmentVariables":{"FIREBASE_CONFIG":"{\"projectId\":\"soft-engin-project\",\"storageBucket\":\"soft-engin-project.firebasestorage.app\"}","GCLOUD_PROJECT":"soft-engin-project","EVENTARC_CLOUD_EVENT_SOURCE":"projects/soft-engin-project/locations/us-central1/functions/api"},"serviceAccountEmail":null,"availableMemoryMb":null,"timeout":null,"vpcConnector":null,"vpcConnectorEgressSettings":null,"buildEnvironmentVariables":{"GOOGLE_NODE_RUN_SCRIPTS":""}}
[debug] [2025-12-11T00:11:13.423Z] <<< [apiv2][status] POST https://cloudfunctions.googleapis.com/v1/projects/soft-engin-project/locations/us-central1/functions 200
[debug] [2025-12-11T00:11:13.424Z] <<< [apiv2][body] POST https://cloudfunctions.googleapis.com/v1/projects/soft-engin-project/locations/us-central1/functions {"name":"operations/cHJvamVjdHMvc29mdC1lbmdpbi1wcm9qZWN0L2xvY2F0aW9ucy91cy1jZW50cmFsMS9vcGVyYXRpb25zL29wZXJhdGlvbi0xNzY1NDExODcxODk3LTY0NWExZmI4MWI4ZjQtYWZhY2QwOTItMTZkYmFlYmU","metadata":{"@type":"type.googleapis.com/google.cloud.functions.v1.OperationMetadataV1","target":"projects/soft-engin-project/locations/us-central1/functions/api","updateTime":"2025-12-11T00:11:13.379901823Z"}}
[debug] [2025-12-11T00:11:13.425Z] Checked if tokens are valid: true, expires at: 1765413958828
[debug] [2025-12-11T00:11:13.425Z] Checked if tokens are valid: true, expires at: 1765413958828
[debug] [2025-12-11T00:11:13.425Z] >>> [apiv2][query] GET https://cloudfunctions.googleapis.com/v1/operations/cHJvamVjdHMvc29mdC1lbmdpbi1wcm9qZWN0L2xvY2F0aW9ucy91cy1jZW50cmFsMS9vcGVyYXRpb25zL29wZXJhdGlvbi0xNzY1NDExODcxODk3LTY0NWExZmI4MWI4ZjQtYWZhY2QwOTItMTZkYmFlYmU [none]
[debug] [2025-12-11T00:11:13.559Z] <<< [apiv2][status] GET https://cloudfunctions.googleapis.com/v1/operations/cHJvamVjdHMvc29mdC1lbmdpbi1wcm9qZWN0L2xvY2F0aW9ucy91cy1jZW50cmFsMS9vcGVyYXRpb25zL29wZXJhdGlvbi0xNzY1NDExODcxODk3LTY0NWExZmI4MWI4ZjQtYWZhY2QwOTItMTZkYmFlYmU 200
[debug] [2025-12-11T00:11:13.560Z] <<< [apiv2][body] GET https://cloudfunctions.googleapis.com/v1/operations/cHJvamVjdHMvc29mdC1lbmdpbi1wcm9qZWN0L2xvY2F0aW9ucy91cy1jZW50cmFsMS9vcGVyYXRpb25zL29wZXJhdGlvbi0xNzY1NDExODcxODk3LTY0NWExZmI4MWI4ZjQtYWZhY2QwOTItMTZkYmFlYmU {"name":"operations/cHJvamVjdHMvc29mdC1lbmdpbi1wcm9qZWN0L2xvY2F0aW9ucy91cy1jZW50cmFsMS9vcGVyYXRpb25zL29wZXJhdGlvbi0xNzY1NDExODcxODk3LTY0NWExZmI4MWI4ZjQtYWZhY2QwOTItMTZkYmFlYmU","metadata":{"@type":"type.googleapis.com/google.cloud.functions.v1.OperationMetadataV1","target":"projects/soft-engin-project/locations/us-central1/functions/api","updateTime":"2025-12-11T00:11:13.379901823Z"}}
[debug] [2025-12-11T00:11:14.062Z] [create-default-us-central1-api] Retrying task index 0
[debug] [2025-12-11T00:11:14.063Z] Checked if tokens are valid: true, expires at: 1765413958828
[debug] [2025-12-11T00:11:14.063Z] Checked if tokens are valid: true, expires at: 1765413958828
[debug] [2025-12-11T00:11:14.063Z] >>> [apiv2][query] GET https://cloudfunctions.googleapis.com/v1/operations/cHJvamVjdHMvc29mdC1lbmdpbi1wcm9qZWN0L2xvY2F0aW9ucy91cy1jZW50cmFsMS9vcGVyYXRpb25zL29wZXJhdGlvbi0xNzY1NDExODcxODk3LTY0NWExZmI4MWI4ZjQtYWZhY2QwOTItMTZkYmFlYmU [none]
[debug] [2025-12-11T00:11:14.168Z] <<< [apiv2][status] GET https://cloudfunctions.googleapis.com/v1/operations/cHJvamVjdHMvc29mdC1lbmdpbi1wcm9qZWN0L2xvY2F0aW9ucy91cy1jZW50cmFsMS9vcGVyYXRpb25zL29wZXJhdGlvbi0xNzY1NDExODcxODk3LTY0NWExZmI4MWI4ZjQtYWZhY2QwOTItMTZkYmFlYmU 200
[debug] [2025-12-11T00:11:14.169Z] <<< [apiv2][body] GET https://cloudfunctions.googleapis.com/v1/operations/cHJvamVjdHMvc29mdC1lbmdpbi1wcm9qZWN0L2xvY2F0aW9ucy91cy1jZW50cmFsMS9vcGVyYXRpb25zL29wZXJhdGlvbi0xNzY1NDExODcxODk3LTY0NWExZmI4MWI4ZjQtYWZhY2QwOTItMTZkYmFlYmU {"name":"operations/cHJvamVjdHMvc29mdC1lbmdpbi1wcm9qZWN0L2xvY2F0aW9ucy91cy1jZW50cmFsMS9vcGVyYXRpb25zL29wZXJhdGlvbi0xNzY1NDExODcxODk3LTY0NWExZmI4MWI4ZjQtYWZhY2QwOTItMTZkYmFlYmU","metadata":{"@type":"type.googleapis.com/google.cloud.functions.v1.OperationMetadataV1","target":"projects/soft-engin-project/locations/us-central1/functions/api","type":"CREATE_FUNCTION","request":{"@type":"type.googleapis.com/google.cloud.functions.v1.CloudFunction","name":"projects/soft-engin-project/locations/us-central1/functions/api","httpsTrigger":{"securityLevel":"SECURE_ALWAYS"},"entryPoint":"api","updateTime":"1970-01-01T00:00:00Z","labels":{"deployment-tool":"cli-firebase","firebase-functions-hash":"2ac42bce7f083a240dfcdc122c280fc947fe9716"},"sourceUploadUrl":"https://storage.googleapis.com/uploads-172976336070.us-central1.cloudfunctions.appspot.com/2b6bfe71-9fa4-46c3-9c33-cc132fddbed9.zip?GoogleAccessId=service-188490905724@gcf-admin-robot.iam.gserviceaccount.com&Expires=1765413670&Signature=Xf0tK38et1FVV%2F%2F8iiraOx9CoCOKxvf%2FidOJqcH3fpvVXn9LFJRA2j1%2FwdtOHbv2lHBJ84ZcqiFCk6%2BDBVR72YbsFbuerozjdp7z4%2FvYoFYtmuLhbgEwuwnjIlkV1L5UAUx0pHHjf1Tfh2LL6KypIWmbIjXZ0ZcqZJml52gAtqgz7kXtJYZtPcuUsJItE0vEMpnGPN9Ynyf0hfLtEs6BkEynhR839mHO8udlaT1SZTMoI%2BrHJHtCKoes1FAscQdNFwCDWdgkUdgDvE1FOL7W48TFWu2raGBGWwWZn%2F4bfvf%2BdLJrpVyByaC48XV%2FZWs9dhHtgoCKSzBQQDVq5OIpvA%3D%3D","environmentVariables":{"FIREBASE_CONFIG":"{\"projectId\":\"soft-engin-project\",\"storageBucket\":\"soft-engin-project.firebasestorage.app\"}","GCLOUD_PROJECT":"soft-engin-project","EVENTARC_CLOUD_EVENT_SOURCE":"projects/soft-engin-project/locations/us-central1/functions/api"},"runtime":"nodejs20","buildEnvironmentVariables":{"GOOGLE_NODE_RUN_SCRIPTS":""},"dockerRegistry":"ARTIFACT_REGISTRY"},"updateTime":"2025-12-11T00:11:13.379901823Z"}}
[debug] [2025-12-11T00:11:15.170Z] [create-default-us-central1-api] Retrying task index 0
[debug] [2025-12-11T00:11:15.170Z] Checked if tokens are valid: true, expires at: 1765413958828
[debug] [2025-12-11T00:11:15.170Z] Checked if tokens are valid: true, expires at: 1765413958828
[debug] [2025-12-11T00:11:15.171Z] >>> [apiv2][query] GET https://cloudfunctions.googleapis.com/v1/operations/cHJvamVjdHMvc29mdC1lbmdpbi1wcm9qZWN0L2xvY2F0aW9ucy91cy1jZW50cmFsMS9vcGVyYXRpb25zL29wZXJhdGlvbi0xNzY1NDExODcxODk3LTY0NWExZmI4MWI4ZjQtYWZhY2QwOTItMTZkYmFlYmU [none]
[debug] [2025-12-11T00:11:15.322Z] <<< [apiv2][status] GET https://cloudfunctions.googleapis.com/v1/operations/cHJvamVjdHMvc29mdC1lbmdpbi1wcm9qZWN0L2xvY2F0aW9ucy91cy1jZW50cmFsMS9vcGVyYXRpb25zL29wZXJhdGlvbi0xNzY1NDExODcxODk3LTY0NWExZmI4MWI4ZjQtYWZhY2QwOTItMTZkYmFlYmU 200
[debug] [2025-12-11T00:11:15.322Z] <<< [apiv2][body] GET https://cloudfunctions.googleapis.com/v1/operations/cHJvamVjdHMvc29mdC1lbmdpbi1wcm9qZWN0L2xvY2F0aW9ucy91cy1jZW50cmFsMS9vcGVyYXRpb25zL29wZXJhdGlvbi0xNzY1NDExODcxODk3LTY0NWExZmI4MWI4ZjQtYWZhY2QwOTItMTZkYmFlYmU {"name":"operations/cHJvamVjdHMvc29mdC1lbmdpbi1wcm9qZWN0L2xvY2F0aW9ucy91cy1jZW50cmFsMS9vcGVyYXRpb25zL29wZXJhdGlvbi0xNzY1NDExODcxODk3LTY0NWExZmI4MWI4ZjQtYWZhY2QwOTItMTZkYmFlYmU","metadata":{"@type":"type.googleapis.com/google.cloud.functions.v1.OperationMetadataV1","target":"projects/soft-engin-project/locations/us-central1/functions/api","type":"CREATE_FUNCTION","request":{"@type":"type.googleapis.com/google.cloud.functions.v1.CloudFunction","name":"projects/soft-engin-project/locations/us-central1/functions/api","httpsTrigger":{"securityLevel":"SECURE_ALWAYS"},"entryPoint":"api","updateTime":"1970-01-01T00:00:00Z","labels":{"deployment-tool":"cli-firebase","firebase-functions-hash":"2ac42bce7f083a240dfcdc122c280fc947fe9716"},"sourceUploadUrl":"https://storage.googleapis.com/uploads-172976336070.us-central1.cloudfunctions.appspot.com/2b6bfe71-9fa4-46c3-9c33-cc132fddbed9.zip?GoogleAccessId=service-188490905724@gcf-admin-robot.iam.gserviceaccount.com&Expires=1765413670&Signature=Xf0tK38et1FVV%2F%2F8iiraOx9CoCOKxvf%2FidOJqcH3fpvVXn9LFJRA2j1%2FwdtOHbv2lHBJ84ZcqiFCk6%2BDBVR72YbsFbuerozjdp7z4%2FvYoFYtmuLhbgEwuwnjIlkV1L5UAUx0pHHjf1Tfh2LL6KypIWmbIjXZ0ZcqZJml52gAtqgz7kXtJYZtPcuUsJItE0vEMpnGPN9Ynyf0hfLtEs6BkEynhR839mHO8udlaT1SZTMoI%2BrHJHtCKoes1FAscQdNFwCDWdgkUdgDvE1FOL7W48TFWu2raGBGWwWZn%2F4bfvf%2BdLJrpVyByaC48XV%2FZWs9dhHtgoCKSzBQQDVq5OIpvA%3D%3D","environmentVariables":{"FIREBASE_CONFIG":"{\"projectId\":\"soft-engin-project\",\"storageBucket\":\"soft-engin-project.firebasestorage.app\"}","GCLOUD_PROJECT":"soft-engin-project","EVENTARC_CLOUD_EVENT_SOURCE":"projects/soft-engin-project/locations/us-central1/functions/api"},"runtime":"nodejs20","buildEnvironmentVariables":{"GOOGLE_NODE_RUN_SCRIPTS":""},"dockerRegistry":"ARTIFACT_REGISTRY"},"versionId":"1","updateTime":"2025-12-11T00:11:13.379901823Z"}}
[debug] [2025-12-11T00:11:17.323Z] [create-default-us-central1-api] Retrying task index 0
[debug] [2025-12-11T00:11:17.324Z] Checked if tokens are valid: true, expires at: 1765413958828
[debug] [2025-12-11T00:11:17.324Z] Checked if tokens are valid: true, expires at: 1765413958828
[debug] [2025-12-11T00:11:17.324Z] >>> [apiv2][query] GET https://cloudfunctions.googleapis.com/v1/operations/cHJvamVjdHMvc29mdC1lbmdpbi1wcm9qZWN0L2xvY2F0aW9ucy91cy1jZW50cmFsMS9vcGVyYXRpb25zL29wZXJhdGlvbi0xNzY1NDExODcxODk3LTY0NWExZmI4MWI4ZjQtYWZhY2QwOTItMTZkYmFlYmU [none]
[debug] [2025-12-11T00:11:18.763Z] <<< [apiv2][status] GET https://cloudfunctions.googleapis.com/v1/operations/cHJvamVjdHMvc29mdC1lbmdpbi1wcm9qZWN0L2xvY2F0aW9ucy91cy1jZW50cmFsMS9vcGVyYXRpb25zL29wZXJhdGlvbi0xNzY1NDExODcxODk3LTY0NWExZmI4MWI4ZjQtYWZhY2QwOTItMTZkYmFlYmU 200
[debug] [2025-12-11T00:11:18.763Z] <<< [apiv2][body] GET https://cloudfunctions.googleapis.com/v1/operations/cHJvamVjdHMvc29mdC1lbmdpbi1wcm9qZWN0L2xvY2F0aW9ucy91cy1jZW50cmFsMS9vcGVyYXRpb25zL29wZXJhdGlvbi0xNzY1NDExODcxODk3LTY0NWExZmI4MWI4ZjQtYWZhY2QwOTItMTZkYmFlYmU {"name":"operations/cHJvamVjdHMvc29mdC1lbmdpbi1wcm9qZWN0L2xvY2F0aW9ucy91cy1jZW50cmFsMS9vcGVyYXRpb25zL29wZXJhdGlvbi0xNzY1NDExODcxODk3LTY0NWExZmI4MWI4ZjQtYWZhY2QwOTItMTZkYmFlYmU","metadata":{"@type":"type.googleapis.com/google.cloud.functions.v1.OperationMetadataV1","target":"projects/soft-engin-project/locations/us-central1/functions/api","type":"CREATE_FUNCTION","request":{"@type":"type.googleapis.com/google.cloud.functions.v1.CloudFunction","name":"projects/soft-engin-project/locations/us-central1/functions/api","httpsTrigger":{"securityLevel":"SECURE_ALWAYS"},"entryPoint":"api","updateTime":"1970-01-01T00:00:00Z","labels":{"deployment-tool":"cli-firebase","firebase-functions-hash":"2ac42bce7f083a240dfcdc122c280fc947fe9716"},"sourceUploadUrl":"https://storage.googleapis.com/uploads-172976336070.us-central1.cloudfunctions.appspot.com/2b6bfe71-9fa4-46c3-9c33-cc132fddbed9.zip?GoogleAccessId=service-188490905724@gcf-admin-robot.iam.gserviceaccount.com&Expires=1765413670&Signature=Xf0tK38et1FVV%2F%2F8iiraOx9CoCOKxvf%2FidOJqcH3fpvVXn9LFJRA2j1%2FwdtOHbv2lHBJ84ZcqiFCk6%2BDBVR72YbsFbuerozjdp7z4%2FvYoFYtmuLhbgEwuwnjIlkV1L5UAUx0pHHjf1Tfh2LL6KypIWmbIjXZ0ZcqZJml52gAtqgz7kXtJYZtPcuUsJItE0vEMpnGPN9Ynyf0hfLtEs6BkEynhR839mHO8udlaT1SZTMoI%2BrHJHtCKoes1FAscQdNFwCDWdgkUdgDvE1FOL7W48TFWu2raGBGWwWZn%2F4bfvf%2BdLJrpVyByaC48XV%2FZWs9dhHtgoCKSzBQQDVq5OIpvA%3D%3D","environmentVariables":{"FIREBASE_CONFIG":"{\"projectId\":\"soft-engin-project\",\"storageBucket\":\"soft-engin-project.firebasestorage.app\"}","GCLOUD_PROJECT":"soft-engin-project","EVENTARC_CLOUD_EVENT_SOURCE":"projects/soft-engin-project/locations/us-central1/functions/api"},"runtime":"nodejs20","buildEnvironmentVariables":{"GOOGLE_NODE_RUN_SCRIPTS":""},"dockerRegistry":"ARTIFACT_REGISTRY"},"versionId":"1","updateTime":"2025-12-11T00:11:13.379901823Z"}}
[debug] [2025-12-11T00:11:22.765Z] [create-default-us-central1-api] Retrying task index 0
[debug] [2025-12-11T00:11:22.766Z] Checked if tokens are valid: true, expires at: 1765413958828
[debug] [2025-12-11T00:11:22.766Z] Checked if tokens are valid: true, expires at: 1765413958828
[debug] [2025-12-11T00:11:22.766Z] >>> [apiv2][query] GET https://cloudfunctions.googleapis.com/v1/operations/cHJvamVjdHMvc29mdC1lbmdpbi1wcm9qZWN0L2xvY2F0aW9ucy91cy1jZW50cmFsMS9vcGVyYXRpb25zL29wZXJhdGlvbi0xNzY1NDExODcxODk3LTY0NWExZmI4MWI4ZjQtYWZhY2QwOTItMTZkYmFlYmU [none]
[debug] [2025-12-11T00:11:22.940Z] <<< [apiv2][status] GET https://cloudfunctions.googleapis.com/v1/operations/cHJvamVjdHMvc29mdC1lbmdpbi1wcm9qZWN0L2xvY2F0aW9ucy91cy1jZW50cmFsMS9vcGVyYXRpb25zL29wZXJhdGlvbi0xNzY1NDExODcxODk3LTY0NWExZmI4MWI4ZjQtYWZhY2QwOTItMTZkYmFlYmU 200
[debug] [2025-12-11T00:11:22.940Z] <<< [apiv2][body] GET https://cloudfunctions.googleapis.com/v1/operations/cHJvamVjdHMvc29mdC1lbmdpbi1wcm9qZWN0L2xvY2F0aW9ucy91cy1jZW50cmFsMS9vcGVyYXRpb25zL29wZXJhdGlvbi0xNzY1NDExODcxODk3LTY0NWExZmI4MWI4ZjQtYWZhY2QwOTItMTZkYmFlYmU {"name":"operations/cHJvamVjdHMvc29mdC1lbmdpbi1wcm9qZWN0L2xvY2F0aW9ucy91cy1jZW50cmFsMS9vcGVyYXRpb25zL29wZXJhdGlvbi0xNzY1NDExODcxODk3LTY0NWExZmI4MWI4ZjQtYWZhY2QwOTItMTZkYmFlYmU","metadata":{"@type":"type.googleapis.com/google.cloud.functions.v1.OperationMetadataV1","target":"projects/soft-engin-project/locations/us-central1/functions/api","type":"CREATE_FUNCTION","request":{"@type":"type.googleapis.com/google.cloud.functions.v1.CloudFunction","name":"projects/soft-engin-project/locations/us-central1/functions/api","httpsTrigger":{"securityLevel":"SECURE_ALWAYS"},"entryPoint":"api","updateTime":"1970-01-01T00:00:00Z","labels":{"deployment-tool":"cli-firebase","firebase-functions-hash":"2ac42bce7f083a240dfcdc122c280fc947fe9716"},"sourceUploadUrl":"https://storage.googleapis.com/uploads-172976336070.us-central1.cloudfunctions.appspot.com/2b6bfe71-9fa4-46c3-9c33-cc132fddbed9.zip?GoogleAccessId=service-188490905724@gcf-admin-robot.iam.gserviceaccount.com&Expires=1765413670&Signature=Xf0tK38et1FVV%2F%2F8iiraOx9CoCOKxvf%2FidOJqcH3fpvVXn9LFJRA2j1%2FwdtOHbv2lHBJ84ZcqiFCk6%2BDBVR72YbsFbuerozjdp7z4%2FvYoFYtmuLhbgEwuwnjIlkV1L5UAUx0pHHjf1Tfh2LL6KypIWmbIjXZ0ZcqZJml52gAtqgz7kXtJYZtPcuUsJItE0vEMpnGPN9Ynyf0hfLtEs6BkEynhR839mHO8udlaT1SZTMoI%2BrHJHtCKoes1FAscQdNFwCDWdgkUdgDvE1FOL7W48TFWu2raGBGWwWZn%2F4bfvf%2BdLJrpVyByaC48XV%2FZWs9dhHtgoCKSzBQQDVq5OIpvA%3D%3D","environmentVariables":{"FIREBASE_CONFIG":"{\"projectId\":\"soft-engin-project\",\"storageBucket\":\"soft-engin-project.firebasestorage.app\"}","GCLOUD_PROJECT":"soft-engin-project","EVENTARC_CLOUD_EVENT_SOURCE":"projects/soft-engin-project/locations/us-central1/functions/api"},"runtime":"nodejs20","buildEnvironmentVariables":{"GOOGLE_NODE_RUN_SCRIPTS":""},"dockerRegistry":"ARTIFACT_REGISTRY"},"versionId":"1","updateTime":"2025-12-11T00:11:13.379901823Z"}}
[debug] [2025-12-11T00:11:30.943Z] [create-default-us-central1-api] Retrying task index 0
[debug] [2025-12-11T00:11:30.944Z] Checked if tokens are valid: true, expires at: 1765413958828
[debug] [2025-12-11T00:11:30.944Z] Checked if tokens are valid: true, expires at: 1765413958828
[debug] [2025-12-11T00:11:30.944Z] >>> [apiv2][query] GET https://cloudfunctions.googleapis.com/v1/operations/cHJvamVjdHMvc29mdC1lbmdpbi1wcm9qZWN0L2xvY2F0aW9ucy91cy1jZW50cmFsMS9vcGVyYXRpb25zL29wZXJhdGlvbi0xNzY1NDExODcxODk3LTY0NWExZmI4MWI4ZjQtYWZhY2QwOTItMTZkYmFlYmU [none]
[debug] [2025-12-11T00:11:31.140Z] <<< [apiv2][status] GET https://cloudfunctions.googleapis.com/v1/operations/cHJvamVjdHMvc29mdC1lbmdpbi1wcm9qZWN0L2xvY2F0aW9ucy91cy1jZW50cmFsMS9vcGVyYXRpb25zL29wZXJhdGlvbi0xNzY1NDExODcxODk3LTY0NWExZmI4MWI4ZjQtYWZhY2QwOTItMTZkYmFlYmU 200
[debug] [2025-12-11T00:11:31.141Z] <<< [apiv2][body] GET https://cloudfunctions.googleapis.com/v1/operations/cHJvamVjdHMvc29mdC1lbmdpbi1wcm9qZWN0L2xvY2F0aW9ucy91cy1jZW50cmFsMS9vcGVyYXRpb25zL29wZXJhdGlvbi0xNzY1NDExODcxODk3LTY0NWExZmI4MWI4ZjQtYWZhY2QwOTItMTZkYmFlYmU {"name":"operations/cHJvamVjdHMvc29mdC1lbmdpbi1wcm9qZWN0L2xvY2F0aW9ucy91cy1jZW50cmFsMS9vcGVyYXRpb25zL29wZXJhdGlvbi0xNzY1NDExODcxODk3LTY0NWExZmI4MWI4ZjQtYWZhY2QwOTItMTZkYmFlYmU","metadata":{"@type":"type.googleapis.com/google.cloud.functions.v1.OperationMetadataV1","target":"projects/soft-engin-project/locations/us-central1/functions/api","type":"CREATE_FUNCTION","request":{"@type":"type.googleapis.com/google.cloud.functions.v1.CloudFunction","name":"projects/soft-engin-project/locations/us-central1/functions/api","httpsTrigger":{"securityLevel":"SECURE_ALWAYS"},"entryPoint":"api","updateTime":"1970-01-01T00:00:00Z","labels":{"deployment-tool":"cli-firebase","firebase-functions-hash":"2ac42bce7f083a240dfcdc122c280fc947fe9716"},"sourceUploadUrl":"https://storage.googleapis.com/uploads-172976336070.us-central1.cloudfunctions.appspot.com/2b6bfe71-9fa4-46c3-9c33-cc132fddbed9.zip?GoogleAccessId=service-188490905724@gcf-admin-robot.iam.gserviceaccount.com&Expires=1765413670&Signature=Xf0tK38et1FVV%2F%2F8iiraOx9CoCOKxvf%2FidOJqcH3fpvVXn9LFJRA2j1%2FwdtOHbv2lHBJ84ZcqiFCk6%2BDBVR72YbsFbuerozjdp7z4%2FvYoFYtmuLhbgEwuwnjIlkV1L5UAUx0pHHjf1Tfh2LL6KypIWmbIjXZ0ZcqZJml52gAtqgz7kXtJYZtPcuUsJItE0vEMpnGPN9Ynyf0hfLtEs6BkEynhR839mHO8udlaT1SZTMoI%2BrHJHtCKoes1FAscQdNFwCDWdgkUdgDvE1FOL7W48TFWu2raGBGWwWZn%2F4bfvf%2BdLJrpVyByaC48XV%2FZWs9dhHtgoCKSzBQQDVq5OIpvA%3D%3D","environmentVariables":{"FIREBASE_CONFIG":"{\"projectId\":\"soft-engin-project\",\"storageBucket\":\"soft-engin-project.firebasestorage.app\"}","GCLOUD_PROJECT":"soft-engin-project","EVENTARC_CLOUD_EVENT_SOURCE":"projects/soft-engin-project/locations/us-central1/functions/api"},"runtime":"nodejs20","buildEnvironmentVariables":{"GOOGLE_NODE_RUN_SCRIPTS":""},"dockerRegistry":"ARTIFACT_REGISTRY"},"versionId":"1","updateTime":"2025-12-11T00:11:13.379901823Z","buildId":"d97d4791-0ba9-4069-b71c-3e3b899f6d9e","buildName":"projects/188490905724/locations/us-central1/builds/d97d4791-0ba9-4069-b71c-3e3b899f6d9e"}}
[debug] [2025-12-11T00:11:41.142Z] [create-default-us-central1-api] Retrying task index 0
[debug] [2025-12-11T00:11:41.143Z] Checked if tokens are valid: true, expires at: 1765413958828
[debug] [2025-12-11T00:11:41.143Z] Checked if tokens are valid: true, expires at: 1765413958828
[debug] [2025-12-11T00:11:41.143Z] >>> [apiv2][query] GET https://cloudfunctions.googleapis.com/v1/operations/cHJvamVjdHMvc29mdC1lbmdpbi1wcm9qZWN0L2xvY2F0aW9ucy91cy1jZW50cmFsMS9vcGVyYXRpb25zL29wZXJhdGlvbi0xNzY1NDExODcxODk3LTY0NWExZmI4MWI4ZjQtYWZhY2QwOTItMTZkYmFlYmU [none]
[debug] [2025-12-11T00:11:41.289Z] <<< [apiv2][status] GET https://cloudfunctions.googleapis.com/v1/operations/cHJvamVjdHMvc29mdC1lbmdpbi1wcm9qZWN0L2xvY2F0aW9ucy91cy1jZW50cmFsMS9vcGVyYXRpb25zL29wZXJhdGlvbi0xNzY1NDExODcxODk3LTY0NWExZmI4MWI4ZjQtYWZhY2QwOTItMTZkYmFlYmU 200
[debug] [2025-12-11T00:11:41.290Z] <<< [apiv2][body] GET https://cloudfunctions.googleapis.com/v1/operations/cHJvamVjdHMvc29mdC1lbmdpbi1wcm9qZWN0L2xvY2F0aW9ucy91cy1jZW50cmFsMS9vcGVyYXRpb25zL29wZXJhdGlvbi0xNzY1NDExODcxODk3LTY0NWExZmI4MWI4ZjQtYWZhY2QwOTItMTZkYmFlYmU {"name":"operations/cHJvamVjdHMvc29mdC1lbmdpbi1wcm9qZWN0L2xvY2F0aW9ucy91cy1jZW50cmFsMS9vcGVyYXRpb25zL29wZXJhdGlvbi0xNzY1NDExODcxODk3LTY0NWExZmI4MWI4ZjQtYWZhY2QwOTItMTZkYmFlYmU","metadata":{"@type":"type.googleapis.com/google.cloud.functions.v1.OperationMetadataV1","target":"projects/soft-engin-project/locations/us-central1/functions/api","type":"CREATE_FUNCTION","request":{"@type":"type.googleapis.com/google.cloud.functions.v1.CloudFunction","name":"projects/soft-engin-project/locations/us-central1/functions/api","httpsTrigger":{"securityLevel":"SECURE_ALWAYS"},"entryPoint":"api","updateTime":"1970-01-01T00:00:00Z","labels":{"deployment-tool":"cli-firebase","firebase-functions-hash":"2ac42bce7f083a240dfcdc122c280fc947fe9716"},"sourceUploadUrl":"https://storage.googleapis.com/uploads-172976336070.us-central1.cloudfunctions.appspot.com/2b6bfe71-9fa4-46c3-9c33-cc132fddbed9.zip?GoogleAccessId=service-188490905724@gcf-admin-robot.iam.gserviceaccount.com&Expires=1765413670&Signature=Xf0tK38et1FVV%2F%2F8iiraOx9CoCOKxvf%2FidOJqcH3fpvVXn9LFJRA2j1%2FwdtOHbv2lHBJ84ZcqiFCk6%2BDBVR72YbsFbuerozjdp7z4%2FvYoFYtmuLhbgEwuwnjIlkV1L5UAUx0pHHjf1Tfh2LL6KypIWmbIjXZ0ZcqZJml52gAtqgz7kXtJYZtPcuUsJItE0vEMpnGPN9Ynyf0hfLtEs6BkEynhR839mHO8udlaT1SZTMoI%2BrHJHtCKoes1FAscQdNFwCDWdgkUdgDvE1FOL7W48TFWu2raGBGWwWZn%2F4bfvf%2BdLJrpVyByaC48XV%2FZWs9dhHtgoCKSzBQQDVq5OIpvA%3D%3D","environmentVariables":{"FIREBASE_CONFIG":"{\"projectId\":\"soft-engin-project\",\"storageBucket\":\"soft-engin-project.firebasestorage.app\"}","GCLOUD_PROJECT":"soft-engin-project","EVENTARC_CLOUD_EVENT_SOURCE":"projects/soft-engin-project/locations/us-central1/functions/api"},"runtime":"nodejs20","buildEnvironmentVariables":{"GOOGLE_NODE_RUN_SCRIPTS":""},"dockerRegistry":"ARTIFACT_REGISTRY"},"versionId":"1","updateTime":"2025-12-11T00:11:13.379901823Z","buildId":"d97d4791-0ba9-4069-b71c-3e3b899f6d9e","buildName":"projects/188490905724/locations/us-central1/builds/d97d4791-0ba9-4069-b71c-3e3b899f6d9e"}}
[debug] [2025-12-11T00:11:51.291Z] [create-default-us-central1-api] Retrying task index 0
[debug] [2025-12-11T00:11:51.292Z] Checked if tokens are valid: true, expires at: 1765413958828
[debug] [2025-12-11T00:11:51.292Z] Checked if tokens are valid: true, expires at: 1765413958828
[debug] [2025-12-11T00:11:51.292Z] >>> [apiv2][query] GET https://cloudfunctions.googleapis.com/v1/operations/cHJvamVjdHMvc29mdC1lbmdpbi1wcm9qZWN0L2xvY2F0aW9ucy91cy1jZW50cmFsMS9vcGVyYXRpb25zL29wZXJhdGlvbi0xNzY1NDExODcxODk3LTY0NWExZmI4MWI4ZjQtYWZhY2QwOTItMTZkYmFlYmU [none]
[debug] [2025-12-11T00:11:51.513Z] <<< [apiv2][status] GET https://cloudfunctions.googleapis.com/v1/operations/cHJvamVjdHMvc29mdC1lbmdpbi1wcm9qZWN0L2xvY2F0aW9ucy91cy1jZW50cmFsMS9vcGVyYXRpb25zL29wZXJhdGlvbi0xNzY1NDExODcxODk3LTY0NWExZmI4MWI4ZjQtYWZhY2QwOTItMTZkYmFlYmU 200
[debug] [2025-12-11T00:11:51.514Z] <<< [apiv2][body] GET https://cloudfunctions.googleapis.com/v1/operations/cHJvamVjdHMvc29mdC1lbmdpbi1wcm9qZWN0L2xvY2F0aW9ucy91cy1jZW50cmFsMS9vcGVyYXRpb25zL29wZXJhdGlvbi0xNzY1NDExODcxODk3LTY0NWExZmI4MWI4ZjQtYWZhY2QwOTItMTZkYmFlYmU {"name":"operations/cHJvamVjdHMvc29mdC1lbmdpbi1wcm9qZWN0L2xvY2F0aW9ucy91cy1jZW50cmFsMS9vcGVyYXRpb25zL29wZXJhdGlvbi0xNzY1NDExODcxODk3LTY0NWExZmI4MWI4ZjQtYWZhY2QwOTItMTZkYmFlYmU","metadata":{"@type":"type.googleapis.com/google.cloud.functions.v1.OperationMetadataV1","target":"projects/soft-engin-project/locations/us-central1/functions/api","type":"CREATE_FUNCTION","request":{"@type":"type.googleapis.com/google.cloud.functions.v1.CloudFunction","name":"projects/soft-engin-project/locations/us-central1/functions/api","httpsTrigger":{"securityLevel":"SECURE_ALWAYS"},"entryPoint":"api","updateTime":"1970-01-01T00:00:00Z","labels":{"deployment-tool":"cli-firebase","firebase-functions-hash":"2ac42bce7f083a240dfcdc122c280fc947fe9716"},"sourceUploadUrl":"https://storage.googleapis.com/uploads-172976336070.us-central1.cloudfunctions.appspot.com/2b6bfe71-9fa4-46c3-9c33-cc132fddbed9.zip?GoogleAccessId=service-188490905724@gcf-admin-robot.iam.gserviceaccount.com&Expires=1765413670&Signature=Xf0tK38et1FVV%2F%2F8iiraOx9CoCOKxvf%2FidOJqcH3fpvVXn9LFJRA2j1%2FwdtOHbv2lHBJ84ZcqiFCk6%2BDBVR72YbsFbuerozjdp7z4%2FvYoFYtmuLhbgEwuwnjIlkV1L5UAUx0pHHjf1Tfh2LL6KypIWmbIjXZ0ZcqZJml52gAtqgz7kXtJYZtPcuUsJItE0vEMpnGPN9Ynyf0hfLtEs6BkEynhR839mHO8udlaT1SZTMoI%2BrHJHtCKoes1FAscQdNFwCDWdgkUdgDvE1FOL7W48TFWu2raGBGWwWZn%2F4bfvf%2BdLJrpVyByaC48XV%2FZWs9dhHtgoCKSzBQQDVq5OIpvA%3D%3D","environmentVariables":{"FIREBASE_CONFIG":"{\"projectId\":\"soft-engin-project\",\"storageBucket\":\"soft-engin-project.firebasestorage.app\"}","GCLOUD_PROJECT":"soft-engin-project","EVENTARC_CLOUD_EVENT_SOURCE":"projects/soft-engin-project/locations/us-central1/functions/api"},"runtime":"nodejs20","buildEnvironmentVariables":{"GOOGLE_NODE_RUN_SCRIPTS":""},"dockerRegistry":"ARTIFACT_REGISTRY"},"versionId":"1","updateTime":"2025-12-11T00:11:13.379901823Z","buildId":"d97d4791-0ba9-4069-b71c-3e3b899f6d9e","buildName":"projects/188490905724/locations/us-central1/builds/d97d4791-0ba9-4069-b71c-3e3b899f6d9e"}}
[debug] [2025-12-11T00:12:01.516Z] [create-default-us-central1-api] Retrying task index 0
[debug] [2025-12-11T00:12:01.517Z] Checked if tokens are valid: true, expires at: 1765413958828
[debug] [2025-12-11T00:12:01.517Z] Checked if tokens are valid: true, expires at: 1765413958828
[debug] [2025-12-11T00:12:01.517Z] >>> [apiv2][query] GET https://cloudfunctions.googleapis.com/v1/operations/cHJvamVjdHMvc29mdC1lbmdpbi1wcm9qZWN0L2xvY2F0aW9ucy91cy1jZW50cmFsMS9vcGVyYXRpb25zL29wZXJhdGlvbi0xNzY1NDExODcxODk3LTY0NWExZmI4MWI4ZjQtYWZhY2QwOTItMTZkYmFlYmU [none]
[debug] [2025-12-11T00:12:01.753Z] <<< [apiv2][status] GET https://cloudfunctions.googleapis.com/v1/operations/cHJvamVjdHMvc29mdC1lbmdpbi1wcm9qZWN0L2xvY2F0aW9ucy91cy1jZW50cmFsMS9vcGVyYXRpb25zL29wZXJhdGlvbi0xNzY1NDExODcxODk3LTY0NWExZmI4MWI4ZjQtYWZhY2QwOTItMTZkYmFlYmU 200
[debug] [2025-12-11T00:12:01.753Z] <<< [apiv2][body] GET https://cloudfunctions.googleapis.com/v1/operations/cHJvamVjdHMvc29mdC1lbmdpbi1wcm9qZWN0L2xvY2F0aW9ucy91cy1jZW50cmFsMS9vcGVyYXRpb25zL29wZXJhdGlvbi0xNzY1NDExODcxODk3LTY0NWExZmI4MWI4ZjQtYWZhY2QwOTItMTZkYmFlYmU {"name":"operations/cHJvamVjdHMvc29mdC1lbmdpbi1wcm9qZWN0L2xvY2F0aW9ucy91cy1jZW50cmFsMS9vcGVyYXRpb25zL29wZXJhdGlvbi0xNzY1NDExODcxODk3LTY0NWExZmI4MWI4ZjQtYWZhY2QwOTItMTZkYmFlYmU","metadata":{"@type":"type.googleapis.com/google.cloud.functions.v1.OperationMetadataV1","target":"projects/soft-engin-project/locations/us-central1/functions/api","type":"CREATE_FUNCTION","request":{"@type":"type.googleapis.com/google.cloud.functions.v1.CloudFunction","name":"projects/soft-engin-project/locations/us-central1/functions/api","httpsTrigger":{"securityLevel":"SECURE_ALWAYS"},"entryPoint":"api","updateTime":"1970-01-01T00:00:00Z","labels":{"deployment-tool":"cli-firebase","firebase-functions-hash":"2ac42bce7f083a240dfcdc122c280fc947fe9716"},"sourceUploadUrl":"https://storage.googleapis.com/uploads-172976336070.us-central1.cloudfunctions.appspot.com/2b6bfe71-9fa4-46c3-9c33-cc132fddbed9.zip?GoogleAccessId=service-188490905724@gcf-admin-robot.iam.gserviceaccount.com&Expires=1765413670&Signature=Xf0tK38et1FVV%2F%2F8iiraOx9CoCOKxvf%2FidOJqcH3fpvVXn9LFJRA2j1%2FwdtOHbv2lHBJ84ZcqiFCk6%2BDBVR72YbsFbuerozjdp7z4%2FvYoFYtmuLhbgEwuwnjIlkV1L5UAUx0pHHjf1Tfh2LL6KypIWmbIjXZ0ZcqZJml52gAtqgz7kXtJYZtPcuUsJItE0vEMpnGPN9Ynyf0hfLtEs6BkEynhR839mHO8udlaT1SZTMoI%2BrHJHtCKoes1FAscQdNFwCDWdgkUdgDvE1FOL7W48TFWu2raGBGWwWZn%2F4bfvf%2BdLJrpVyByaC48XV%2FZWs9dhHtgoCKSzBQQDVq5OIpvA%3D%3D","environmentVariables":{"FIREBASE_CONFIG":"{\"projectId\":\"soft-engin-project\",\"storageBucket\":\"soft-engin-project.firebasestorage.app\"}","GCLOUD_PROJECT":"soft-engin-project","EVENTARC_CLOUD_EVENT_SOURCE":"projects/soft-engin-project/locations/us-central1/functions/api"},"runtime":"nodejs20","buildEnvironmentVariables":{"GOOGLE_NODE_RUN_SCRIPTS":""},"dockerRegistry":"ARTIFACT_REGISTRY"},"versionId":"1","updateTime":"2025-12-11T00:11:13.379901823Z","buildId":"d97d4791-0ba9-4069-b71c-3e3b899f6d9e","buildName":"projects/188490905724/locations/us-central1/builds/d97d4791-0ba9-4069-b71c-3e3b899f6d9e"}}
[debug] [2025-12-11T00:12:11.755Z] [create-default-us-central1-api] Retrying task index 0
[debug] [2025-12-11T00:12:11.755Z] Checked if tokens are valid: true, expires at: 1765413958828
[debug] [2025-12-11T00:12:11.755Z] Checked if tokens are valid: true, expires at: 1765413958828
[debug] [2025-12-11T00:12:11.756Z] >>> [apiv2][query] GET https://cloudfunctions.googleapis.com/v1/operations/cHJvamVjdHMvc29mdC1lbmdpbi1wcm9qZWN0L2xvY2F0aW9ucy91cy1jZW50cmFsMS9vcGVyYXRpb25zL29wZXJhdGlvbi0xNzY1NDExODcxODk3LTY0NWExZmI4MWI4ZjQtYWZhY2QwOTItMTZkYmFlYmU [none]
[debug] [2025-12-11T00:12:11.897Z] <<< [apiv2][status] GET https://cloudfunctions.googleapis.com/v1/operations/cHJvamVjdHMvc29mdC1lbmdpbi1wcm9qZWN0L2xvY2F0aW9ucy91cy1jZW50cmFsMS9vcGVyYXRpb25zL29wZXJhdGlvbi0xNzY1NDExODcxODk3LTY0NWExZmI4MWI4ZjQtYWZhY2QwOTItMTZkYmFlYmU 200
[debug] [2025-12-11T00:12:11.898Z] <<< [apiv2][body] GET https://cloudfunctions.googleapis.com/v1/operations/cHJvamVjdHMvc29mdC1lbmdpbi1wcm9qZWN0L2xvY2F0aW9ucy91cy1jZW50cmFsMS9vcGVyYXRpb25zL29wZXJhdGlvbi0xNzY1NDExODcxODk3LTY0NWExZmI4MWI4ZjQtYWZhY2QwOTItMTZkYmFlYmU {"name":"operations/cHJvamVjdHMvc29mdC1lbmdpbi1wcm9qZWN0L2xvY2F0aW9ucy91cy1jZW50cmFsMS9vcGVyYXRpb25zL29wZXJhdGlvbi0xNzY1NDExODcxODk3LTY0NWExZmI4MWI4ZjQtYWZhY2QwOTItMTZkYmFlYmU","metadata":{"@type":"type.googleapis.com/google.cloud.functions.v1.OperationMetadataV1","target":"projects/soft-engin-project/locations/us-central1/functions/api","type":"CREATE_FUNCTION","request":{"@type":"type.googleapis.com/google.cloud.functions.v1.CloudFunction","name":"projects/soft-engin-project/locations/us-central1/functions/api","httpsTrigger":{"securityLevel":"SECURE_ALWAYS"},"entryPoint":"api","updateTime":"1970-01-01T00:00:00Z","labels":{"deployment-tool":"cli-firebase","firebase-functions-hash":"2ac42bce7f083a240dfcdc122c280fc947fe9716"},"sourceUploadUrl":"https://storage.googleapis.com/uploads-172976336070.us-central1.cloudfunctions.appspot.com/2b6bfe71-9fa4-46c3-9c33-cc132fddbed9.zip?GoogleAccessId=service-188490905724@gcf-admin-robot.iam.gserviceaccount.com&Expires=1765413670&Signature=Xf0tK38et1FVV%2F%2F8iiraOx9CoCOKxvf%2FidOJqcH3fpvVXn9LFJRA2j1%2FwdtOHbv2lHBJ84ZcqiFCk6%2BDBVR72YbsFbuerozjdp7z4%2FvYoFYtmuLhbgEwuwnjIlkV1L5UAUx0pHHjf1Tfh2LL6KypIWmbIjXZ0ZcqZJml52gAtqgz7kXtJYZtPcuUsJItE0vEMpnGPN9Ynyf0hfLtEs6BkEynhR839mHO8udlaT1SZTMoI%2BrHJHtCKoes1FAscQdNFwCDWdgkUdgDvE1FOL7W48TFWu2raGBGWwWZn%2F4bfvf%2BdLJrpVyByaC48XV%2FZWs9dhHtgoCKSzBQQDVq5OIpvA%3D%3D","environmentVariables":{"FIREBASE_CONFIG":"{\"projectId\":\"soft-engin-project\",\"storageBucket\":\"soft-engin-project.firebasestorage.app\"}","GCLOUD_PROJECT":"soft-engin-project","EVENTARC_CLOUD_EVENT_SOURCE":"projects/soft-engin-project/locations/us-central1/functions/api"},"runtime":"nodejs20","buildEnvironmentVariables":{"GOOGLE_NODE_RUN_SCRIPTS":""},"dockerRegistry":"ARTIFACT_REGISTRY"},"versionId":"1","updateTime":"2025-12-11T00:11:13.379901823Z","buildId":"d97d4791-0ba9-4069-b71c-3e3b899f6d9e","buildName":"projects/188490905724/locations/us-central1/builds/d97d4791-0ba9-4069-b71c-3e3b899f6d9e"}}
[debug] [2025-12-11T00:12:21.899Z] [create-default-us-central1-api] Retrying task index 0
[debug] [2025-12-11T00:12:21.901Z] Checked if tokens are valid: true, expires at: 1765413958828
[debug] [2025-12-11T00:12:21.901Z] Checked if tokens are valid: true, expires at: 1765413958828
[debug] [2025-12-11T00:12:21.902Z] >>> [apiv2][query] GET https://cloudfunctions.googleapis.com/v1/operations/cHJvamVjdHMvc29mdC1lbmdpbi1wcm9qZWN0L2xvY2F0aW9ucy91cy1jZW50cmFsMS9vcGVyYXRpb25zL29wZXJhdGlvbi0xNzY1NDExODcxODk3LTY0NWExZmI4MWI4ZjQtYWZhY2QwOTItMTZkYmFlYmU [none]
[debug] [2025-12-11T00:12:22.056Z] <<< [apiv2][status] GET https://cloudfunctions.googleapis.com/v1/operations/cHJvamVjdHMvc29mdC1lbmdpbi1wcm9qZWN0L2xvY2F0aW9ucy91cy1jZW50cmFsMS9vcGVyYXRpb25zL29wZXJhdGlvbi0xNzY1NDExODcxODk3LTY0NWExZmI4MWI4ZjQtYWZhY2QwOTItMTZkYmFlYmU 200
[debug] [2025-12-11T00:12:22.057Z] <<< [apiv2][body] GET https://cloudfunctions.googleapis.com/v1/operations/cHJvamVjdHMvc29mdC1lbmdpbi1wcm9qZWN0L2xvY2F0aW9ucy91cy1jZW50cmFsMS9vcGVyYXRpb25zL29wZXJhdGlvbi0xNzY1NDExODcxODk3LTY0NWExZmI4MWI4ZjQtYWZhY2QwOTItMTZkYmFlYmU {"name":"operations/cHJvamVjdHMvc29mdC1lbmdpbi1wcm9qZWN0L2xvY2F0aW9ucy91cy1jZW50cmFsMS9vcGVyYXRpb25zL29wZXJhdGlvbi0xNzY1NDExODcxODk3LTY0NWExZmI4MWI4ZjQtYWZhY2QwOTItMTZkYmFlYmU","metadata":{"@type":"type.googleapis.com/google.cloud.functions.v1.OperationMetadataV1","target":"projects/soft-engin-project/locations/us-central1/functions/api","type":"CREATE_FUNCTION","request":{"@type":"type.googleapis.com/google.cloud.functions.v1.CloudFunction","name":"projects/soft-engin-project/locations/us-central1/functions/api","httpsTrigger":{"securityLevel":"SECURE_ALWAYS"},"entryPoint":"api","updateTime":"1970-01-01T00:00:00Z","labels":{"deployment-tool":"cli-firebase","firebase-functions-hash":"2ac42bce7f083a240dfcdc122c280fc947fe9716"},"sourceUploadUrl":"https://storage.googleapis.com/uploads-172976336070.us-central1.cloudfunctions.appspot.com/2b6bfe71-9fa4-46c3-9c33-cc132fddbed9.zip?GoogleAccessId=service-188490905724@gcf-admin-robot.iam.gserviceaccount.com&Expires=1765413670&Signature=Xf0tK38et1FVV%2F%2F8iiraOx9CoCOKxvf%2FidOJqcH3fpvVXn9LFJRA2j1%2FwdtOHbv2lHBJ84ZcqiFCk6%2BDBVR72YbsFbuerozjdp7z4%2FvYoFYtmuLhbgEwuwnjIlkV1L5UAUx0pHHjf1Tfh2LL6KypIWmbIjXZ0ZcqZJml52gAtqgz7kXtJYZtPcuUsJItE0vEMpnGPN9Ynyf0hfLtEs6BkEynhR839mHO8udlaT1SZTMoI%2BrHJHtCKoes1FAscQdNFwCDWdgkUdgDvE1FOL7W48TFWu2raGBGWwWZn%2F4bfvf%2BdLJrpVyByaC48XV%2FZWs9dhHtgoCKSzBQQDVq5OIpvA%3D%3D","environmentVariables":{"FIREBASE_CONFIG":"{\"projectId\":\"soft-engin-project\",\"storageBucket\":\"soft-engin-project.firebasestorage.app\"}","GCLOUD_PROJECT":"soft-engin-project","EVENTARC_CLOUD_EVENT_SOURCE":"projects/soft-engin-project/locations/us-central1/functions/api"},"runtime":"nodejs20","buildEnvironmentVariables":{"GOOGLE_NODE_RUN_SCRIPTS":""},"dockerRegistry":"ARTIFACT_REGISTRY"},"versionId":"1","updateTime":"2025-12-11T00:11:13.379901823Z","buildId":"d97d4791-0ba9-4069-b71c-3e3b899f6d9e","buildName":"projects/188490905724/locations/us-central1/builds/d97d4791-0ba9-4069-b71c-3e3b899f6d9e"}}
[debug] [2025-12-11T00:12:32.058Z] [create-default-us-central1-api] Retrying task index 0
[debug] [2025-12-11T00:12:32.058Z] Checked if tokens are valid: true, expires at: 1765413958828
[debug] [2025-12-11T00:12:32.058Z] Checked if tokens are valid: true, expires at: 1765413958828
[debug] [2025-12-11T00:12:32.058Z] >>> [apiv2][query] GET https://cloudfunctions.googleapis.com/v1/operations/cHJvamVjdHMvc29mdC1lbmdpbi1wcm9qZWN0L2xvY2F0aW9ucy91cy1jZW50cmFsMS9vcGVyYXRpb25zL29wZXJhdGlvbi0xNzY1NDExODcxODk3LTY0NWExZmI4MWI4ZjQtYWZhY2QwOTItMTZkYmFlYmU [none]
[debug] [2025-12-11T00:12:32.219Z] <<< [apiv2][status] GET https://cloudfunctions.googleapis.com/v1/operations/cHJvamVjdHMvc29mdC1lbmdpbi1wcm9qZWN0L2xvY2F0aW9ucy91cy1jZW50cmFsMS9vcGVyYXRpb25zL29wZXJhdGlvbi0xNzY1NDExODcxODk3LTY0NWExZmI4MWI4ZjQtYWZhY2QwOTItMTZkYmFlYmU 200
[debug] [2025-12-11T00:12:32.219Z] <<< [apiv2][body] GET https://cloudfunctions.googleapis.com/v1/operations/cHJvamVjdHMvc29mdC1lbmdpbi1wcm9qZWN0L2xvY2F0aW9ucy91cy1jZW50cmFsMS9vcGVyYXRpb25zL29wZXJhdGlvbi0xNzY1NDExODcxODk3LTY0NWExZmI4MWI4ZjQtYWZhY2QwOTItMTZkYmFlYmU {"name":"operations/cHJvamVjdHMvc29mdC1lbmdpbi1wcm9qZWN0L2xvY2F0aW9ucy91cy1jZW50cmFsMS9vcGVyYXRpb25zL29wZXJhdGlvbi0xNzY1NDExODcxODk3LTY0NWExZmI4MWI4ZjQtYWZhY2QwOTItMTZkYmFlYmU","metadata":{"@type":"type.googleapis.com/google.cloud.functions.v1.OperationMetadataV1","target":"projects/soft-engin-project/locations/us-central1/functions/api","type":"CREATE_FUNCTION","request":{"@type":"type.googleapis.com/google.cloud.functions.v1.CloudFunction","name":"projects/soft-engin-project/locations/us-central1/functions/api","httpsTrigger":{"securityLevel":"SECURE_ALWAYS"},"entryPoint":"api","updateTime":"1970-01-01T00:00:00Z","labels":{"deployment-tool":"cli-firebase","firebase-functions-hash":"2ac42bce7f083a240dfcdc122c280fc947fe9716"},"sourceUploadUrl":"https://storage.googleapis.com/uploads-172976336070.us-central1.cloudfunctions.appspot.com/2b6bfe71-9fa4-46c3-9c33-cc132fddbed9.zip?GoogleAccessId=service-188490905724@gcf-admin-robot.iam.gserviceaccount.com&Expires=1765413670&Signature=Xf0tK38et1FVV%2F%2F8iiraOx9CoCOKxvf%2FidOJqcH3fpvVXn9LFJRA2j1%2FwdtOHbv2lHBJ84ZcqiFCk6%2BDBVR72YbsFbuerozjdp7z4%2FvYoFYtmuLhbgEwuwnjIlkV1L5UAUx0pHHjf1Tfh2LL6KypIWmbIjXZ0ZcqZJml52gAtqgz7kXtJYZtPcuUsJItE0vEMpnGPN9Ynyf0hfLtEs6BkEynhR839mHO8udlaT1SZTMoI%2BrHJHtCKoes1FAscQdNFwCDWdgkUdgDvE1FOL7W48TFWu2raGBGWwWZn%2F4bfvf%2BdLJrpVyByaC48XV%2FZWs9dhHtgoCKSzBQQDVq5OIpvA%3D%3D","environmentVariables":{"FIREBASE_CONFIG":"{\"projectId\":\"soft-engin-project\",\"storageBucket\":\"soft-engin-project.firebasestorage.app\"}","GCLOUD_PROJECT":"soft-engin-project","EVENTARC_CLOUD_EVENT_SOURCE":"projects/soft-engin-project/locations/us-central1/functions/api"},"runtime":"nodejs20","buildEnvironmentVariables":{"GOOGLE_NODE_RUN_SCRIPTS":""},"dockerRegistry":"ARTIFACT_REGISTRY"},"versionId":"1","updateTime":"2025-12-11T00:11:13.379901823Z","buildId":"d97d4791-0ba9-4069-b71c-3e3b899f6d9e","sourceToken":"25a5239f-f211-490e-a1de-4febd69c35dd","buildName":"projects/188490905724/locations/us-central1/builds/d97d4791-0ba9-4069-b71c-3e3b899f6d9e"}}
[debug] [2025-12-11T00:12:32.219Z] Got source token 25a5239f-f211-490e-a1de-4febd69c35dd for region us-central1
